<?xml version="1.0" encoding="UTF-8"?>
<testng-results ignored="0" total="1" passed="1" failed="0" skipped="0">
  <reporter-output>
  </reporter-output>
  <suite started-at="2025-04-03T15:33:17 IST" name="Surefire suite" finished-at="2025-04-03T15:33:23 IST" duration-ms="6702">
    <groups>
      <group name="cucumber">
        <method signature="AbstractTestNGCucumberTests.runScenario(io.cucumber.testng.PickleWrapper,io.cucumber.testng.FeatureWrapper)[pri:0, instance:com.hitachigroupid.runner.TestRunner@2f177a4b]" name="runScenario" class="io.cucumber.testng.AbstractTestNGCucumberTests"/>
      </group> <!-- cucumber -->
    </groups>
    <test started-at="2025-04-03T15:33:17 IST" name="Surefire test" finished-at="2025-04-03T15:33:23 IST" duration-ms="6702">
      <class name="com.hitachigroupid.runner.TestRunner">
        <test-method is-config="true" signature="setUpClass(org.testng.ITestContext)[pri:0, instance:com.hitachigroupid.runner.TestRunner@2f177a4b]" started-at="2025-04-03T15:33:17 IST" name="setUpClass" finished-at="2025-04-03T15:33:17 IST" duration-ms="237" status="PASS">
          <params>
            <param index="0">
              <value>
                <![CDATA[org.testng.TestRunner@53b7ce6]]>
              </value>
            </param>
          </params>
          <reporter-output>
          </reporter-output>
        </test-method> <!-- setUpClass -->
        <test-method signature="runScenario(io.cucumber.testng.PickleWrapper,io.cucumber.testng.FeatureWrapper)[pri:0, instance:com.hitachigroupid.runner.TestRunner@2f177a4b]" started-at="2025-04-03T15:33:17 IST" name="runScenario" description="Runs Cucumber Scenarios" data-provider="scenarios" finished-at="2025-04-03T15:33:23 IST" duration-ms="6425" status="PASS">
          <params>
            <param index="0">
              <value>
                <![CDATA["Successfull Login"]]>
              </value>
            </param>
            <param index="1">
              <value>
                <![CDATA["Login Functionality"]]>
              </value>
            </param>
          </params>
          <reporter-output>
          </reporter-output>
        </test-method> <!-- runScenario -->
        <test-method is-config="true" signature="tearDownClass()[pri:0, instance:com.hitachigroupid.runner.TestRunner@2f177a4b]" started-at="2025-04-03T15:33:23 IST" name="tearDownClass" finished-at="2025-04-03T15:33:23 IST" duration-ms="23" status="PASS">
          <reporter-output>
          </reporter-output>
        </test-method> <!-- tearDownClass -->
      </class> <!-- com.hitachigroupid.runner.TestRunner -->
    </test> <!-- Surefire test -->
  </suite> <!-- Surefire suite -->
</testng-results>
